<?xml version="1.0" encoding="UTF-8"?>
<testsuite xmlns:xsi="http://www.w3.org/2001/XMLSchema-instance" xsi:noNamespaceSchemaLocation="https://maven.apache.org/surefire/maven-surefire-plugin/xsd/surefire-test-report.xsd" name="com.mgmsec.HackMyTeeth.HackMyTeeth.HackMyTeethApplicationTests" time="17.483" tests="1" errors="1" skipped="0" failures="0">
  <properties>
[...]
</properties>
  <testcase name="contextLoads" classname="com.mgmsec.HackMyTeeth.HackMyTeeth.HackMyTeethApplicationTests" time="0.006">
    <error message="Failed to load ApplicationContext" type="java.lang.IllegalStateException">java.lang.IllegalStateException: Failed to load ApplicationContext
Caused by: org.springframework.beans.factory.UnsatisfiedDependencyException: Error creating bean with name 'inMemoryDatabaseShutdownExecutor' defined in class path resource [org/springframework/boot/devtools/autoconfigure/DevToolsDataSourceAutoConfiguration.class]: Unsatisfied dependency expressed through method 'inMemoryDatabaseShutdownExecutor' parameter 0; nested exception is org.springframework.beans.factory.BeanCreationException: Error creating bean with name 'dataSource' defined in class path resource [org/springframework/boot/autoconfigure/jdbc/DataSourceConfiguration$Hikari.class]: Bean instantiation via factory method failed; nested exception is org.springframework.beans.BeanInstantiationException: Failed to instantiate [com.zaxxer.hikari.HikariDataSource]: Factory method 'dataSource' threw exception; nested exception is org.springframework.boot.autoconfigure.jdbc.DataSourceProperties$DataSourceBeanCreationException: Failed to determine a suitable driver class
Caused by: org.springframework.beans.factory.BeanCreationException: Error creating bean with name 'dataSource' defined in class path resource [org/springframework/boot/autoconfigure/jdbc/DataSourceConfiguration$Hikari.class]: Bean instantiation via factory method failed; nested exception is org.springframework.beans.BeanInstantiationException: Failed to instantiate [com.zaxxer.hikari.HikariDataSource]: Factory method 'dataSource' threw exception; nested exception is org.springframework.boot.autoconfigure.jdbc.DataSourceProperties$DataSourceBeanCreationException: Failed to determine a suitable driver class
Caused by: org.springframework.beans.BeanInstantiationException: Failed to instantiate [com.zaxxer.hikari.HikariDataSource]: Factory method 'dataSource' threw exception; nested exception is org.springframework.boot.autoconfigure.jdbc.DataSourceProperties$DataSourceBeanCreationException: Failed to determine a suitable driver class
Caused by: org.springframework.boot.autoconfigure.jdbc.DataSourceProperties$DataSourceBeanCreationException: Failed to determine a suitable driver class
</error>
    <system-out><![CDATA[15:38:02.744 [main] DEBUG org.springframework.test.context.junit4.SpringJUnit4ClassRunner - SpringJUnit4ClassRunner constructor called with [class com.mgmsec.HackMyTeeth.HackMyTeeth.HackMyTeethApplicationTests]
15:38:02.751 [main] DEBUG org.springframework.test.context.BootstrapUtils - Instantiating CacheAwareContextLoaderDelegate from class [org.springframework.test.context.cache.DefaultCacheAwareContextLoaderDelegate]
15:38:02.757 [main] DEBUG org.springframework.test.context.BootstrapUtils - Instantiating BootstrapContext using constructor [public org.springframework.test.context.support.DefaultBootstrapContext(java.lang.Class,org.springframework.test.context.CacheAwareContextLoaderDelegate)]
15:38:02.775 [main] DEBUG org.springframework.test.context.BootstrapUtils - Instantiating TestContextBootstrapper for test class [com.mgmsec.HackMyTeeth.HackMyTeeth.HackMyTeethApplicationTests] from class [org.springframework.boot.test.context.SpringBootTestContextBootstrapper]
15:38:02.790 [main] INFO org.springframework.boot.test.context.SpringBootTestContextBootstrapper - Neither @ContextConfiguration nor @ContextHierarchy found for test class [com.mgmsec.HackMyTeeth.HackMyTeeth.HackMyTeethApplicationTests], using SpringBootContextLoader
15:38:02.794 [main] DEBUG org.springframework.test.context.support.AbstractContextLoader - Did not detect default resource location for test class [com.mgmsec.HackMyTeeth.HackMyTeeth.HackMyTeethApplicationTests]: class path resource [com/mgmsec/HackMyTeeth/HackMyTeeth/HackMyTeethApplicationTests-context.xml] does not exist
15:38:02.795 [main] DEBUG org.springframework.test.context.support.AbstractContextLoader - Did not detect default resource location for test class [com.mgmsec.HackMyTeeth.HackMyTeeth.HackMyTeethApplicationTests]: class path resource [com/mgmsec/HackMyTeeth/HackMyTeeth/HackMyTeethApplicationTestsContext.groovy] does not exist
15:38:02.795 [main] INFO org.springframework.test.context.support.AbstractContextLoader - Could not detect default resource locations for test class [com.mgmsec.HackMyTeeth.HackMyTeeth.HackMyTeethApplicationTests]: no resource found for suffixes {-context.xml, Context.groovy}.
15:38:02.796 [main] INFO org.springframework.test.context.support.AnnotationConfigContextLoaderUtils - Could not detect default configuration classes for test class [com.mgmsec.HackMyTeeth.HackMyTeeth.HackMyTeethApplicationTests]: HackMyTeethApplicationTests does not declare any static, non-private, non-final, nested classes annotated with @Configuration.
15:38:02.840 [main] DEBUG org.springframework.test.context.support.ActiveProfilesUtils - Could not find an 'annotation declaring class' for annotation type [org.springframework.test.context.ActiveProfiles] and class [com.mgmsec.HackMyTeeth.HackMyTeeth.HackMyTeethApplicationTests]
15:38:02.847 [main] DEBUG org.springframework.core.env.StandardEnvironment - Adding PropertySource 'systemProperties' with lowest search precedence
15:38:02.847 [main] DEBUG org.springframework.core.env.StandardEnvironment - Adding PropertySource 'systemEnvironment' with lowest search precedence
15:38:02.848 [main] DEBUG org.springframework.core.env.StandardEnvironment - Initialized StandardEnvironment with PropertySources [MapPropertySource@398110318 {name='systemProperties', properties={java.runtime.name=Java(TM) SE Runtime Environment, sun.boot.library.path=/Library/Java/JavaVirtualMachines/jdk1.8.0_171.jdk/Contents/Home/jre/lib, java.vm.version=25.171-b11, gopherProxySet=false, java.vm.vendor=Oracle Corporation, java.vendor.url=http://java.oracle.com/, path.separator=:, java.vm.name=Java HotSpot(TM) 64-Bit Server VM, file.encoding.pkg=sun.io, user.country=VN, sun.java.launcher=SUN_STANDARD, sun.os.patch.level=unknown, java.vm.specification.name=Java Virtual Machine Specification, user.dir=/Users/anh-mac/Downloads/HackMyTeeth, java.runtime.version=1.8.0_171-b11, basedir=/Users/anh-mac/Downloads/HackMyTeeth, java.awt.graphicsenv=sun.awt.CGraphicsEnvironment, java.endorsed.dirs=/Library/Java/JavaVirtualMachines/jdk1.8.0_171.jdk/Contents/Home/jre/lib/endorsed, os.arch=x86_64, surefire.real.class.path=/Users/anh-mac/Downloads/HackMyTeeth/target/surefire/surefirebooter787840626506662723.jar, java.io.tmpdir=/var/folders/0w/znhvssd90y5b6ffmnhnq47xh0000gn/T/, line.separator=
, java.vm.specification.vendor=Oracle Corporation, os.name=Mac OS X, sun.jnu.encoding=UTF-8, java.library.path=/Users/anh-mac/Library/Java/Extensions:/Library/Java/Extensions:/Network/Library/Java/Extensions:/System/Library/Java/Extensions:/usr/lib/java:., surefire.test.class.path=/Users/anh-mac/Downloads/HackMyTeeth/target/test-classes:/Users/anh-mac/Downloads/HackMyTeeth/target/classes:/Users/anh-mac/.m2/repository/org/springframework/boot/spring-boot-starter-actuator/2.0.3.RELEASE/spring-boot-starter-actuator-2.0.3.RELEASE.jar:/Users/anh-mac/.m2/repository/org/springframework/boot/spring-boot-starter/2.0.3.RELEASE/spring-boot-starter-2.0.3.RELEASE.jar:/Users/anh-mac/.m2/repository/org/springframework/boot/spring-boot-starter-logging/2.0.3.RELEASE/spring-boot-starter-logging-2.0.3.RELEASE.jar:/Users/anh-mac/.m2/repository/ch/qos/logback/logback-classic/1.2.3/logback-classic-1.2.3.jar:/Users/anh-mac/.m2/repository/ch/qos/logback/logback-core/1.2.3/logback-core-1.2.3.jar:/Users/anh-mac/.m2/repository/org/apache/logging/log4j/log4j-to-slf4j/2.10.0/log4j-to-slf4j-2.10.0.jar:/Users/anh-mac/.m2/repository/org/apache/logging/log4j/log4j-api/2.10.0/log4j-api-2.10.0.jar:/Users/anh-mac/.m2/repository/org/slf4j/jul-to-slf4j/1.7.25/jul-to-slf4j-1.7.25.jar:/Users/anh-mac/.m2/repository/javax/annotation/javax.annotation-api/1.3.2/javax.annotation-api-1.3.2.jar:/Users/anh-mac/.m2/repository/org/yaml/snakeyaml/1.19/snakeyaml-1.19.jar:/Users/anh-mac/.m2/repository/org/springframework/boot/spring-boot-actuator-autoconfigure/2.0.3.RELEASE/spring-boot-actuator-autoconfigure-2.0.3.RELEASE.jar:/Users/anh-mac/.m2/repository/org/springframework/boot/spring-boot-actuator/2.0.3.RELEASE/spring-boot-actuator-2.0.3.RELEASE.jar:/Users/anh-mac/.m2/repository/com/fasterxml/jackson/core/jackson-databind/2.9.6/jackson-databind-2.9.6.jar:/Users/anh-mac/.m2/repository/com/fasterxml/jackson/core/jackson-annotations/2.9.0/jackson-annotations-2.9.0.jar:/Users/anh-mac/.m2/repository/com/fasterxml/jackson/core/jackson-core/2.9.6/jackson-core-2.9.6.jar:/Users/anh-mac/.m2/repository/org/springframework/spring-context/5.0.7.RELEASE/spring-context-5.0.7.RELEASE.jar:/Users/anh-mac/.m2/repository/com/fasterxml/jackson/datatype/jackson-datatype-jsr310/2.9.6/jackson-datatype-jsr310-2.9.6.jar:/Users/anh-mac/.m2/repository/io/micrometer/micrometer-core/1.0.5/micrometer-core-1.0.5.jar:/Users/anh-mac/.m2/repository/org/hdrhistogram/HdrHistogram/2.1.10/HdrHistogram-2.1.10.jar:/Users/anh-mac/.m2/repository/org/latencyutils/LatencyUtils/2.0.3/LatencyUtils-2.0.3.jar:/Users/anh-mac/.m2/repository/org/springframework/boot/spring-boot-starter-data-jpa/2.0.3.RELEASE/spring-boot-starter-data-jpa-2.0.3.RELEASE.jar:/Users/anh-mac/.m2/repository/org/springframework/boot/spring-boot-starter-aop/2.0.3.RELEASE/spring-boot-starter-aop-2.0.3.RELEASE.jar:/Users/anh-mac/.m2/repository/org/springframework/spring-aop/5.0.7.RELEASE/spring-aop-5.0.7.RELEASE.jar:/Users/anh-mac/.m2/repository/org/aspectj/aspectjweaver/1.8.13/aspectjweaver-1.8.13.jar:/Users/anh-mac/.m2/repository/org/springframework/boot/spring-boot-starter-jdbc/2.0.3.RELEASE/spring-boot-starter-jdbc-2.0.3.RELEASE.jar:/Users/anh-mac/.m2/repository/com/zaxxer/HikariCP/2.7.9/HikariCP-2.7.9.jar:/Users/anh-mac/.m2/repository/org/springframework/spring-jdbc/5.0.7.RELEASE/spring-jdbc-5.0.7.RELEASE.jar:/Users/anh-mac/.m2/repository/org/hibernate/hibernate-core/5.2.17.Final/hibernate-core-5.2.17.Final.jar:/Users/anh-mac/.m2/repository/org/jboss/logging/jboss-logging/3.3.2.Final/jboss-logging-3.3.2.Final.jar:/Users/anh-mac/.m2/repository/org/hibernate/javax/persistence/hibernate-jpa-2.1-api/1.0.2.Final/hibernate-jpa-2.1-api-1.0.2.Final.jar:/Users/anh-mac/.m2/repository/org/javassist/javassist/3.22.0-GA/javassist-3.22.0-GA.jar:/Users/anh-mac/.m2/repository/antlr/antlr/2.7.7/antlr-2.7.7.jar:/Users/anh-mac/.m2/repository/org/jboss/jandex/2.0.3.Final/jandex-2.0.3.Final.jar:/Users/anh-mac/.m2/repository/com/fasterxml/classmate/1.3.4/classmate-1.3.4.jar:/Users/anh-mac/.m2/repository/dom4j/dom4j/1.6.1/dom4j-1.6.1.jar:/Users/anh-mac/.m2/repository/org/hibernate/common/hibernate-commons-annotations/5.0.1.Final/hibernate-commons-annotations-5.0.1.Final.jar:/Users/anh-mac/.m2/repository/javax/transaction/javax.transaction-api/1.2/javax.transaction-api-1.2.jar:/Users/anh-mac/.m2/repository/org/springframework/data/spring-data-jpa/2.0.8.RELEASE/spring-data-jpa-2.0.8.RELEASE.jar:/Users/anh-mac/.m2/repository/org/springframework/data/spring-data-commons/2.0.8.RELEASE/spring-data-commons-2.0.8.RELEASE.jar:/Users/anh-mac/.m2/repository/org/springframework/spring-orm/5.0.7.RELEASE/spring-orm-5.0.7.RELEASE.jar:/Users/anh-mac/.m2/repository/org/springframework/spring-tx/5.0.7.RELEASE/spring-tx-5.0.7.RELEASE.jar:/Users/anh-mac/.m2/repository/org/springframework/spring-beans/5.0.7.RELEASE/spring-beans-5.0.7.RELEASE.jar:/Users/anh-mac/.m2/repository/org/slf4j/slf4j-api/1.7.25/slf4j-api-1.7.25.jar:/Users/anh-mac/.m2/repository/org/springframework/spring-aspects/5.0.7.RELEASE/spring-aspects-5.0.7.RELEASE.jar:/Users/anh-mac/.m2/repository/org/springframework/boot/spring-boot-starter-web/2.0.3.RELEASE/spring-boot-starter-web-2.0.3.RELEASE.jar:/Users/anh-mac/.m2/repository/org/springframework/boot/spring-boot-starter-json/2.0.3.RELEASE/spring-boot-starter-json-2.0.3.RELEASE.jar:/Users/anh-mac/.m2/repository/com/fasterxml/jackson/datatype/jackson-datatype-jdk8/2.9.6/jackson-datatype-jdk8-2.9.6.jar:/Users/anh-mac/.m2/repository/com/fasterxml/jackson/module/jackson-module-parameter-names/2.9.6/jackson-module-parameter-names-2.9.6.jar:/Users/anh-mac/.m2/repository/org/springframework/boot/spring-boot-starter-tomcat/2.0.3.RELEASE/spring-boot-starter-tomcat-2.0.3.RELEASE.jar:/Users/anh-mac/.m2/repository/org/apache/tomcat/embed/tomcat-embed-core/8.5.31/tomcat-embed-core-8.5.31.jar:/Users/anh-mac/.m2/repository/org/apache/tomcat/embed/tomcat-embed-el/8.5.31/tomcat-embed-el-8.5.31.jar:/Users/anh-mac/.m2/repository/org/apache/tomcat/embed/tomcat-embed-websocket/8.5.31/tomcat-embed-websocket-8.5.31.jar:/Users/anh-mac/.m2/repository/org/hibernate/validator/hibernate-validator/6.0.10.Final/hibernate-validator-6.0.10.Final.jar:/Users/anh-mac/.m2/repository/javax/validation/validation-api/2.0.1.Final/validation-api-2.0.1.Final.jar:/Users/anh-mac/.m2/repository/org/springframework/spring-web/5.0.7.RELEASE/spring-web-5.0.7.RELEASE.jar:/Users/anh-mac/.m2/repository/org/springframework/spring-webmvc/5.0.7.RELEASE/spring-webmvc-5.0.7.RELEASE.jar:/Users/anh-mac/.m2/repository/org/springframework/spring-expression/5.0.7.RELEASE/spring-expression-5.0.7.RELEASE.jar:/Users/anh-mac/.m2/repository/org/springframework/boot/spring-boot-devtools/2.0.3.RELEASE/spring-boot-devtools-2.0.3.RELEASE.jar:/Users/anh-mac/.m2/repository/org/springframework/boot/spring-boot/2.0.3.RELEASE/spring-boot-2.0.3.RELEASE.jar:/Users/anh-mac/.m2/repository/org/springframework/boot/spring-boot-autoconfigure/2.0.3.RELEASE/spring-boot-autoconfigure-2.0.3.RELEASE.jar:/Users/anh-mac/.m2/repository/org/springframework/boot/spring-boot-starter-test/2.0.3.RELEASE/spring-boot-starter-test-2.0.3.RELEASE.jar:/Users/anh-mac/.m2/repository/org/springframework/boot/spring-boot-test/2.0.3.RELEASE/spring-boot-test-2.0.3.RELEASE.jar:/Users/anh-mac/.m2/repository/org/springframework/boot/spring-boot-test-autoconfigure/2.0.3.RELEASE/spring-boot-test-autoconfigure-2.0.3.RELEASE.jar:/Users/anh-mac/.m2/repository/com/jayway/jsonpath/json-path/2.4.0/json-path-2.4.0.jar:/Users/anh-mac/.m2/repository/net/minidev/json-smart/2.3/json-smart-2.3.jar:/Users/anh-mac/.m2/repository/net/minidev/accessors-smart/1.2/accessors-smart-1.2.jar:/Users/anh-mac/.m2/repository/org/ow2/asm/asm/5.0.4/asm-5.0.4.jar:/Users/anh-mac/.m2/repository/junit/junit/4.12/junit-4.12.jar:/Users/anh-mac/.m2/repository/org/assertj/assertj-core/3.9.1/assertj-core-3.9.1.jar:/Users/anh-mac/.m2/repository/org/mockito/mockito-core/2.15.0/mockito-core-2.15.0.jar:/Users/anh-mac/.m2/repository/net/bytebuddy/byte-buddy/1.7.11/byte-buddy-1.7.11.jar:/Users/anh-mac/.m2/repository/net/bytebuddy/byte-buddy-agent/1.7.11/byte-buddy-agent-1.7.11.jar:/Users/anh-mac/.m2/repository/org/objenesis/objenesis/2.6/objenesis-2.6.jar:/Users/anh-mac/.m2/repository/org/hamcrest/hamcrest-core/1.3/hamcrest-core-1.3.jar:/Users/anh-mac/.m2/repository/org/hamcrest/hamcrest-library/1.3/hamcrest-library-1.3.jar:/Users/anh-mac/.m2/repository/org/skyscreamer/jsonassert/1.5.0/jsonassert-1.5.0.jar:/Users/anh-mac/.m2/repository/com/vaadin/external/google/android-json/0.0.20131108.vaadin1/android-json-0.0.20131108.vaadin1.jar:/Users/anh-mac/.m2/repository/org/springframework/spring-core/5.0.7.RELEASE/spring-core-5.0.7.RELEASE.jar:/Users/anh-mac/.m2/repository/org/springframework/spring-jcl/5.0.7.RELEASE/spring-jcl-5.0.7.RELEASE.jar:/Users/anh-mac/.m2/repository/org/springframework/spring-test/5.0.7.RELEASE/spring-test-5.0.7.RELEASE.jar:/Users/anh-mac/.m2/repository/org/xmlunit/xmlunit-core/2.5.1/xmlunit-core-2.5.1.jar:, java.specification.name=Java Platform API Specification, java.class.version=52.0, sun.management.compiler=HotSpot 64-Bit Tiered Compilers, os.version=10.12.6, http.nonProxyHosts=local|*.local|169.254/16|*.169.254/16, user.home=/Users/anh-mac, user.timezone=Asia/Ho_Chi_Minh, java.awt.printerjob=sun.lwawt.macosx.CPrinterJob, file.encoding=UTF-8, java.specification.version=1.8, java.class.path=/Users/anh-mac/Downloads/HackMyTeeth/target/test-classes:/Users/anh-mac/Downloads/HackMyTeeth/target/classes:/Users/anh-mac/.m2/repository/org/springframework/boot/spring-boot-starter-actuator/2.0.3.RELEASE/spring-boot-starter-actuator-2.0.3.RELEASE.jar:/Users/anh-mac/.m2/repository/org/springframework/boot/spring-boot-starter/2.0.3.RELEASE/spring-boot-starter-2.0.3.RELEASE.jar:/Users/anh-mac/.m2/repository/org/springframework/boot/spring-boot-starter-logging/2.0.3.RELEASE/spring-boot-starter-logging-2.0.3.RELEASE.jar:/Users/anh-mac/.m2/repository/ch/qos/logback/logback-classic/1.2.3/logback-classic-1.2.3.jar:/Users/anh-mac/.m2/repository/ch/qos/logback/logback-core/1.2.3/logback-core-1.2.3.jar:/Users/anh-mac/.m2/repository/org/apache/logging/log4j/log4j-to-slf4j/2.10.0/log4j-to-slf4j-2.10.0.jar:/Users/anh-mac/.m2/repository/org/apache/logging/log4j/log4j-api/2.10.0/log4j-api-2.10.0.jar:/Users/anh-mac/.m2/repository/org/slf4j/jul-to-slf4j/1.7.25/jul-to-slf4j-1.7.25.jar:/Users/anh-mac/.m2/repository/javax/annotation/javax.annotation-api/1.3.2/javax.annotation-api-1.3.2.jar:/Users/anh-mac/.m2/repository/org/yaml/snakeyaml/1.19/snakeyaml-1.19.jar:/Users/anh-mac/.m2/repository/org/springframework/boot/spring-boot-actuator-autoconfigure/2.0.3.RELEASE/spring-boot-actuator-autoconfigure-2.0.3.RELEASE.jar:/Users/anh-mac/.m2/repository/org/springframework/boot/spring-boot-actuator/2.0.3.RELEASE/spring-boot-actuator-2.0.3.RELEASE.jar:/Users/anh-mac/.m2/repository/com/fasterxml/jackson/core/jackson-databind/2.9.6/jackson-databind-2.9.6.jar:/Users/anh-mac/.m2/repository/com/fasterxml/jackson/core/jackson-annotations/2.9.0/jackson-annotations-2.9.0.jar:/Users/anh-mac/.m2/repository/com/fasterxml/jackson/core/jackson-core/2.9.6/jackson-core-2.9.6.jar:/Users/anh-mac/.m2/repository/org/springframework/spring-context/5.0.7.RELEASE/spring-context-5.0.7.RELEASE.jar:/Users/anh-mac/.m2/repository/com/fasterxml/jackson/datatype/jackson-datatype-jsr310/2.9.6/jackson-datatype-jsr310-2.9.6.jar:/Users/anh-mac/.m2/repository/io/micrometer/micrometer-core/1.0.5/micrometer-core-1.0.5.jar:/Users/anh-mac/.m2/repository/org/hdrhistogram/HdrHistogram/2.1.10/HdrHistogram-2.1.10.jar:/Users/anh-mac/.m2/repository/org/latencyutils/LatencyUtils/2.0.3/LatencyUtils-2.0.3.jar:/Users/anh-mac/.m2/repository/org/springframework/boot/spring-boot-starter-data-jpa/2.0.3.RELEASE/spring-boot-starter-data-jpa-2.0.3.RELEASE.jar:/Users/anh-mac/.m2/repository/org/springframework/boot/spring-boot-starter-aop/2.0.3.RELEASE/spring-boot-starter-aop-2.0.3.RELEASE.jar:/Users/anh-mac/.m2/repository/org/springframework/spring-aop/5.0.7.RELEASE/spring-aop-5.0.7.RELEASE.jar:/Users/anh-mac/.m2/repository/org/aspectj/aspectjweaver/1.8.13/aspectjweaver-1.8.13.jar:/Users/anh-mac/.m2/repository/org/springframework/boot/spring-boot-starter-jdbc/2.0.3.RELEASE/spring-boot-starter-jdbc-2.0.3.RELEASE.jar:/Users/anh-mac/.m2/repository/com/zaxxer/HikariCP/2.7.9/HikariCP-2.7.9.jar:/Users/anh-mac/.m2/repository/org/springframework/spring-jdbc/5.0.7.RELEASE/spring-jdbc-5.0.7.RELEASE.jar:/Users/anh-mac/.m2/repository/org/hibernate/hibernate-core/5.2.17.Final/hibernate-core-5.2.17.Final.jar:/Users/anh-mac/.m2/repository/org/jboss/logging/jboss-logging/3.3.2.Final/jboss-logging-3.3.2.Final.jar:/Users/anh-mac/.m2/repository/org/hibernate/javax/persistence/hibernate-jpa-2.1-api/1.0.2.Final/hibernate-jpa-2.1-api-1.0.2.Final.jar:/Users/anh-mac/.m2/repository/org/javassist/javassist/3.22.0-GA/javassist-3.22.0-GA.jar:/Users/anh-mac/.m2/repository/antlr/antlr/2.7.7/antlr-2.7.7.jar:/Users/anh-mac/.m2/repository/org/jboss/jandex/2.0.3.Final/jandex-2.0.3.Final.jar:/Users/anh-mac/.m2/repository/com/fasterxml/classmate/1.3.4/classmate-1.3.4.jar:/Users/anh-mac/.m2/repository/dom4j/dom4j/1.6.1/dom4j-1.6.1.jar:/Users/anh-mac/.m2/repository/org/hibernate/common/hibernate-commons-annotations/5.0.1.Final/hibernate-commons-annotations-5.0.1.Final.jar:/Users/anh-mac/.m2/repository/javax/transaction/javax.transaction-api/1.2/javax.transaction-api-1.2.jar:/Users/anh-mac/.m2/repository/org/springframework/data/spring-data-jpa/2.0.8.RELEASE/spring-data-jpa-2.0.8.RELEASE.jar:/Users/anh-mac/.m2/repository/org/springframework/data/spring-data-commons/2.0.8.RELEASE/spring-data-commons-2.0.8.RELEASE.jar:/Users/anh-mac/.m2/repository/org/springframework/spring-orm/5.0.7.RELEASE/spring-orm-5.0.7.RELEASE.jar:/Users/anh-mac/.m2/repository/org/springframework/spring-tx/5.0.7.RELEASE/spring-tx-5.0.7.RELEASE.jar:/Users/anh-mac/.m2/repository/org/springframework/spring-beans/5.0.7.RELEASE/spring-beans-5.0.7.RELEASE.jar:/Users/anh-mac/.m2/repository/org/slf4j/slf4j-api/1.7.25/slf4j-api-1.7.25.jar:/Users/anh-mac/.m2/repository/org/springframework/spring-aspects/5.0.7.RELEASE/spring-aspects-5.0.7.RELEASE.jar:/Users/anh-mac/.m2/repository/org/springframework/boot/spring-boot-starter-web/2.0.3.RELEASE/spring-boot-starter-web-2.0.3.RELEASE.jar:/Users/anh-mac/.m2/repository/org/springframework/boot/spring-boot-starter-json/2.0.3.RELEASE/spring-boot-starter-json-2.0.3.RELEASE.jar:/Users/anh-mac/.m2/repository/com/fasterxml/jackson/datatype/jackson-datatype-jdk8/2.9.6/jackson-datatype-jdk8-2.9.6.jar:/Users/anh-mac/.m2/repository/com/fasterxml/jackson/module/jackson-module-parameter-names/2.9.6/jackson-module-parameter-names-2.9.6.jar:/Users/anh-mac/.m2/repository/org/springframework/boot/spring-boot-starter-tomcat/2.0.3.RELEASE/spring-boot-starter-tomcat-2.0.3.RELEASE.jar:/Users/anh-mac/.m2/repository/org/apache/tomcat/embed/tomcat-embed-core/8.5.31/tomcat-embed-core-8.5.31.jar:/Users/anh-mac/.m2/repository/org/apache/tomcat/embed/tomcat-embed-el/8.5.31/tomcat-embed-el-8.5.31.jar:/Users/anh-mac/.m2/repository/org/apache/tomcat/embed/tomcat-embed-websocket/8.5.31/tomcat-embed-websocket-8.5.31.jar:/Users/anh-mac/.m2/repository/org/hibernate/validator/hibernate-validator/6.0.10.Final/hibernate-validator-6.0.10.Final.jar:/Users/anh-mac/.m2/repository/javax/validation/validation-api/2.0.1.Final/validation-api-2.0.1.Final.jar:/Users/anh-mac/.m2/repository/org/springframework/spring-web/5.0.7.RELEASE/spring-web-5.0.7.RELEASE.jar:/Users/anh-mac/.m2/repository/org/springframework/spring-webmvc/5.0.7.RELEASE/spring-webmvc-5.0.7.RELEASE.jar:/Users/anh-mac/.m2/repository/org/springframework/spring-expression/5.0.7.RELEASE/spring-expression-5.0.7.RELEASE.jar:/Users/anh-mac/.m2/repository/org/springframework/boot/spring-boot-devtools/2.0.3.RELEASE/spring-boot-devtools-2.0.3.RELEASE.jar:/Users/anh-mac/.m2/repository/org/springframework/boot/spring-boot/2.0.3.RELEASE/spring-boot-2.0.3.RELEASE.jar:/Users/anh-mac/.m2/repository/org/springframework/boot/spring-boot-autoconfigure/2.0.3.RELEASE/spring-boot-autoconfigure-2.0.3.RELEASE.jar:/Users/anh-mac/.m2/repository/org/springframework/boot/spring-boot-starter-test/2.0.3.RELEASE/spring-boot-starter-test-2.0.3.RELEASE.jar:/Users/anh-mac/.m2/repository/org/springframework/boot/spring-boot-test/2.0.3.RELEASE/spring-boot-test-2.0.3.RELEASE.jar:/Users/anh-mac/.m2/repository/org/springframework/boot/spring-boot-test-autoconfigure/2.0.3.RELEASE/spring-boot-test-autoconfigure-2.0.3.RELEASE.jar:/Users/anh-mac/.m2/repository/com/jayway/jsonpath/json-path/2.4.0/json-path-2.4.0.jar:/Users/anh-mac/.m2/repository/net/minidev/json-smart/2.3/json-smart-2.3.jar:/Users/anh-mac/.m2/repository/net/minidev/accessors-smart/1.2/accessors-smart-1.2.jar:/Users/anh-mac/.m2/repository/org/ow2/asm/asm/5.0.4/asm-5.0.4.jar:/Users/anh-mac/.m2/repository/junit/junit/4.12/junit-4.12.jar:/Users/anh-mac/.m2/repository/org/assertj/assertj-core/3.9.1/assertj-core-3.9.1.jar:/Users/anh-mac/.m2/repository/org/mockito/mockito-core/2.15.0/mockito-core-2.15.0.jar:/Users/anh-mac/.m2/repository/net/bytebuddy/byte-buddy/1.7.11/byte-buddy-1.7.11.jar:/Users/anh-mac/.m2/repository/net/bytebuddy/byte-buddy-agent/1.7.11/byte-buddy-agent-1.7.11.jar:/Users/anh-mac/.m2/repository/org/objenesis/objenesis/2.6/objenesis-2.6.jar:/Users/anh-mac/.m2/repository/org/hamcrest/hamcrest-core/1.3/hamcrest-core-1.3.jar:/Users/anh-mac/.m2/repository/org/hamcrest/hamcrest-library/1.3/hamcrest-library-1.3.jar:/Users/anh-mac/.m2/repository/org/skyscreamer/jsonassert/1.5.0/jsonassert-1.5.0.jar:/Users/anh-mac/.m2/repository/com/vaadin/external/google/android-json/0.0.20131108.vaadin1/android-json-0.0.20131108.vaadin1.jar:/Users/anh-mac/.m2/repository/org/springframework/spring-core/5.0.7.RELEASE/spring-core-5.0.7.RELEASE.jar:/Users/anh-mac/.m2/repository/org/springframework/spring-jcl/5.0.7.RELEASE/spring-jcl-5.0.7.RELEASE.jar:/Users/anh-mac/.m2/repository/org/springframework/spring-test/5.0.7.RELEASE/spring-test-5.0.7.RELEASE.jar:/Users/anh-mac/.m2/repository/org/xmlunit/xmlunit-core/2.5.1/xmlunit-core-2.5.1.jar:, user.name=anh-mac, java.vm.specification.version=1.8, sun.java.command=/Users/anh-mac/Downloads/HackMyTeeth/target/surefire/surefirebooter787840626506662723.jar /Users/anh-mac/Downloads/HackMyTeeth/target/surefire 2018-07-11T15-37-56_111-jvmRun1 surefire2428054997706404519tmp surefire_06946032063485479452tmp, java.home=/Library/Java/JavaVirtualMachines/jdk1.8.0_171.jdk/Contents/Home/jre, sun.arch.data.model=64, user.language=en, java.specification.vendor=Oracle Corporation, awt.toolkit=sun.lwawt.macosx.LWCToolkit, java.vm.info=mixed mode, java.version=1.8.0_171, java.ext.dirs=/Users/anh-mac/Library/Java/Extensions:/Library/Java/JavaVirtualMachines/jdk1.8.0_171.jdk/Contents/Home/jre/lib/ext:/Library/Java/Extensions:/Network/Library/Java/Extensions:/System/Library/Java/Extensions:/usr/lib/java, sun.boot.class.path=/Library/Java/JavaVirtualMachines/jdk1.8.0_171.jdk/Contents/Home/jre/lib/resources.jar:/Library/Java/JavaVirtualMachines/jdk1.8.0_171.jdk/Contents/Home/jre/lib/rt.jar:/Library/Java/JavaVirtualMachines/jdk1.8.0_171.jdk/Contents/Home/jre/lib/sunrsasign.jar:/Library/Java/JavaVirtualMachines/jdk1.8.0_171.jdk/Contents/Home/jre/lib/jsse.jar:/Library/Java/JavaVirtualMachines/jdk1.8.0_171.jdk/Contents/Home/jre/lib/jce.jar:/Library/Java/JavaVirtualMachines/jdk1.8.0_171.jdk/Contents/Home/jre/lib/charsets.jar:/Library/Java/JavaVirtualMachines/jdk1.8.0_171.jdk/Contents/Home/jre/lib/jfr.jar:/Library/Java/JavaVirtualMachines/jdk1.8.0_171.jdk/Contents/Home/jre/classes, java.vendor=Oracle Corporation, localRepository=/Users/anh-mac/.m2/repository, file.separator=/, java.vendor.url.bug=http://bugreport.sun.com/bugreport/, sun.io.unicode.encoding=UnicodeBig, sun.cpu.endian=little, socksNonProxyHosts=local|*.local|169.254/16|*.169.254/16, ftp.nonProxyHosts=local|*.local|169.254/16|*.169.254/16, sun.cpu.isalist=}}, SystemEnvironmentPropertySource@1765250898 {name='systemEnvironment', properties={PATH=/usr/bin:/bin:/usr/sbin:/sbin, JAVA_STARTED_ON_FIRST_THREAD_27566=1, SHELL=/bin/bash, OLDPWD=/Users/anh-mac/Downloads/HackMyTeeth, USER=anh-mac, TMPDIR=/var/folders/0w/znhvssd90y5b6ffmnhnq47xh0000gn/T/, SSH_AUTH_SOCK=/private/tmp/com.apple.launchd.LI1mGVMm7y/Listeners, XPC_FLAGS=0x0, JAVA_MAIN_CLASS_32019=org.apache.maven.surefire.booter.ForkedBooter, APP_ICON_28209=../Resources/Eclipse.icns, JAVA_MAIN_CLASS_31899=org.codehaus.plexus.classworlds.launcher.Launcher, __CF_USER_TEXT_ENCODING=0x1F5:0x0:0x0, Apple_PubSub_Socket_Render=/private/tmp/com.apple.launchd.W0TL8bKYgb/Render, LOGNAME=anh-mac, JAVA_STARTED_ON_FIRST_THREAD_28209=1, XPC_SERVICE_NAME=0, PWD=/Users/anh-mac/Downloads/HackMyTeeth, HOME=/Users/anh-mac, SHLVL=1, _=/Library/Java/JavaVirtualMachines/jdk1.8.0_171.jdk/Contents/Home/jre/bin/java}}]
15:38:02.863 [main] DEBUG org.springframework.core.io.support.PathMatchingResourcePatternResolver - Resolved classpath location [com/mgmsec/HackMyTeeth/HackMyTeeth/] to resources [URL [file:/Users/anh-mac/Downloads/HackMyTeeth/target/test-classes/com/mgmsec/HackMyTeeth/HackMyTeeth/], URL [file:/Users/anh-mac/Downloads/HackMyTeeth/target/classes/com/mgmsec/HackMyTeeth/HackMyTeeth/]]
15:38:02.864 [main] DEBUG org.springframework.core.io.support.PathMatchingResourcePatternResolver - Looking for matching resources in directory tree [/Users/anh-mac/Downloads/HackMyTeeth/target/test-classes/com/mgmsec/HackMyTeeth/HackMyTeeth]
15:38:02.864 [main] DEBUG org.springframework.core.io.support.PathMatchingResourcePatternResolver - Searching directory [/Users/anh-mac/Downloads/HackMyTeeth/target/test-classes/com/mgmsec/HackMyTeeth/HackMyTeeth] for files matching pattern [/Users/anh-mac/Downloads/HackMyTeeth/target/test-classes/com/mgmsec/HackMyTeeth/HackMyTeeth/*.class]
15:38:02.867 [main] DEBUG org.springframework.core.io.support.PathMatchingResourcePatternResolver - Looking for matching resources in directory tree [/Users/anh-mac/Downloads/HackMyTeeth/target/classes/com/mgmsec/HackMyTeeth/HackMyTeeth]
15:38:02.867 [main] DEBUG org.springframework.core.io.support.PathMatchingResourcePatternResolver - Searching directory [/Users/anh-mac/Downloads/HackMyTeeth/target/classes/com/mgmsec/HackMyTeeth/HackMyTeeth] for files matching pattern [/Users/anh-mac/Downloads/HackMyTeeth/target/classes/com/mgmsec/HackMyTeeth/HackMyTeeth/*.class]
15:38:02.868 [main] DEBUG org.springframework.core.io.support.PathMatchingResourcePatternResolver - Resolved location pattern [classpath*:com/mgmsec/HackMyTeeth/HackMyTeeth/*.class] to resources [file [/Users/anh-mac/Downloads/HackMyTeeth/target/test-classes/com/mgmsec/HackMyTeeth/HackMyTeeth/HackMyTeethApplicationTests.class], file [/Users/anh-mac/Downloads/HackMyTeeth/target/classes/com/mgmsec/HackMyTeeth/HackMyTeeth/HackMyTeethApplication.class]]
15:38:02.943 [main] DEBUG org.springframework.context.annotation.ClassPathScanningCandidateComponentProvider - Identified candidate component class: file [/Users/anh-mac/Downloads/HackMyTeeth/target/classes/com/mgmsec/HackMyTeeth/HackMyTeeth/HackMyTeethApplication.class]
15:38:02.947 [main] INFO org.springframework.boot.test.context.SpringBootTestContextBootstrapper - Found @SpringBootConfiguration com.mgmsec.HackMyTeeth.HackMyTeeth.HackMyTeethApplication for test class com.mgmsec.HackMyTeeth.HackMyTeeth.HackMyTeethApplicationTests
15:38:03.065 [main] DEBUG org.springframework.boot.test.context.SpringBootTestContextBootstrapper - @TestExecutionListeners is not present for class [com.mgmsec.HackMyTeeth.HackMyTeeth.HackMyTeethApplicationTests]: using defaults.
15:38:03.065 [main] INFO org.springframework.boot.test.context.SpringBootTestContextBootstrapper - Loaded default TestExecutionListener class names from location [META-INF/spring.factories]: [org.springframework.boot.test.mock.mockito.MockitoTestExecutionListener, org.springframework.boot.test.mock.mockito.ResetMocksTestExecutionListener, org.springframework.boot.test.autoconfigure.restdocs.RestDocsTestExecutionListener, org.springframework.boot.test.autoconfigure.web.client.MockRestServiceServerResetTestExecutionListener, org.springframework.boot.test.autoconfigure.web.servlet.MockMvcPrintOnlyOnFailureTestExecutionListener, org.springframework.boot.test.autoconfigure.web.servlet.WebDriverTestExecutionListener, org.springframework.test.context.web.ServletTestExecutionListener, org.springframework.test.context.support.DirtiesContextBeforeModesTestExecutionListener, org.springframework.test.context.support.DependencyInjectionTestExecutionListener, org.springframework.test.context.support.DirtiesContextTestExecutionListener, org.springframework.test.context.transaction.TransactionalTestExecutionListener, org.springframework.test.context.jdbc.SqlScriptsTestExecutionListener]
15:38:03.083 [main] INFO org.springframework.boot.test.context.SpringBootTestContextBootstrapper - Using TestExecutionListeners: [org.springframework.test.context.web.ServletTestExecutionListener@43bc63a3, org.springframework.test.context.support.DirtiesContextBeforeModesTestExecutionListener@702657cc, org.springframework.boot.test.mock.mockito.MockitoTestExecutionListener@6a6cb05c, org.springframework.boot.test.autoconfigure.SpringBootDependencyInjectionTestExecutionListener@40a4337a, org.springframework.test.context.support.DirtiesContextTestExecutionListener@6025e1b6, org.springframework.test.context.transaction.TransactionalTestExecutionListener@22ff4249, org.springframework.test.context.jdbc.SqlScriptsTestExecutionListener@2d1ef81a, org.springframework.boot.test.mock.mockito.ResetMocksTestExecutionListener@4c402120, org.springframework.boot.test.autoconfigure.restdocs.RestDocsTestExecutionListener@327514f, org.springframework.boot.test.autoconfigure.web.client.MockRestServiceServerResetTestExecutionListener@5b12b668, org.springframework.boot.test.autoconfigure.web.servlet.MockMvcPrintOnlyOnFailureTestExecutionListener@1165b38, org.springframework.boot.test.autoconfigure.web.servlet.WebDriverTestExecutionListener@4c12331b]
15:38:03.086 [main] DEBUG org.springframework.test.annotation.ProfileValueUtils - Retrieved @ProfileValueSourceConfiguration [null] for test class [com.mgmsec.HackMyTeeth.HackMyTeeth.HackMyTeethApplicationTests]
15:38:03.086 [main] DEBUG org.springframework.test.annotation.ProfileValueUtils - Retrieved ProfileValueSource type [class org.springframework.test.annotation.SystemProfileValueSource] for class [com.mgmsec.HackMyTeeth.HackMyTeeth.HackMyTeethApplicationTests]
15:38:03.088 [main] DEBUG org.springframework.test.annotation.ProfileValueUtils - Retrieved @ProfileValueSourceConfiguration [null] for test class [com.mgmsec.HackMyTeeth.HackMyTeeth.HackMyTeethApplicationTests]
15:38:03.088 [main] DEBUG org.springframework.test.annotation.ProfileValueUtils - Retrieved ProfileValueSource type [class org.springframework.test.annotation.SystemProfileValueSource] for class [com.mgmsec.HackMyTeeth.HackMyTeeth.HackMyTeethApplicationTests]
15:38:03.088 [main] DEBUG org.springframework.test.annotation.ProfileValueUtils - Retrieved @ProfileValueSourceConfiguration [null] for test class [com.mgmsec.HackMyTeeth.HackMyTeeth.HackMyTeethApplicationTests]
15:38:03.088 [main] DEBUG org.springframework.test.annotation.ProfileValueUtils - Retrieved ProfileValueSource type [class org.springframework.test.annotation.SystemProfileValueSource] for class [com.mgmsec.HackMyTeeth.HackMyTeeth.HackMyTeethApplicationTests]
15:38:03.092 [main] DEBUG org.springframework.test.context.support.AbstractDirtiesContextTestExecutionListener - Before test class: context [DefaultTestContext@9d5509a testClass = HackMyTeethApplicationTests, testInstance = [null], testMethod = [null], testException = [null], mergedContextConfiguration = [WebMergedContextConfiguration@179ece50 testClass = HackMyTeethApplicationTests, locations = '{}', classes = '{class com.mgmsec.HackMyTeeth.HackMyTeeth.HackMyTeethApplication}', contextInitializerClasses = '[]', activeProfiles = '{}', propertySourceLocations = '{}', propertySourceProperties = '{org.springframework.boot.test.context.SpringBootTestContextBootstrapper=true}', contextCustomizers = set[org.springframework.boot.test.context.filter.ExcludeFilterContextCustomizer@13eb8acf, org.springframework.boot.test.json.DuplicateJsonObjectContextCustomizerFactory$DuplicateJsonObjectContextCustomizer@43738a82, org.springframework.boot.test.mock.mockito.MockitoContextCustomizer@0, org.springframework.boot.test.web.client.TestRestTemplateContextCustomizer@eb21112, org.springframework.boot.test.autoconfigure.properties.PropertyMappingContextCustomizer@0, org.springframework.boot.test.autoconfigure.web.servlet.WebDriverContextCustomizerFactory$Customizer@2f0a87b3], resourceBasePath = 'src/main/webapp', contextLoader = 'org.springframework.boot.test.context.SpringBootContextLoader', parent = [null]], attributes = map['org.springframework.test.context.web.ServletTestExecutionListener.activateListener' -> true]], class annotated with @DirtiesContext [false] with mode [null].
15:38:03.092 [main] DEBUG org.springframework.test.annotation.ProfileValueUtils - Retrieved @ProfileValueSourceConfiguration [null] for test class [com.mgmsec.HackMyTeeth.HackMyTeeth.HackMyTeethApplicationTests]
15:38:03.092 [main] DEBUG org.springframework.test.annotation.ProfileValueUtils - Retrieved ProfileValueSource type [class org.springframework.test.annotation.SystemProfileValueSource] for class [com.mgmsec.HackMyTeeth.HackMyTeeth.HackMyTeethApplicationTests]
15:38:03.124 [main] DEBUG org.springframework.core.env.StandardEnvironment - Adding PropertySource 'systemProperties' with lowest search precedence
15:38:03.124 [main] DEBUG org.springframework.core.env.StandardEnvironment - Adding PropertySource 'systemEnvironment' with lowest search precedence
15:38:03.125 [main] DEBUG org.springframework.core.env.StandardEnvironment - Initialized StandardEnvironment with PropertySources [MapPropertySource@1781493632 {name='systemProperties', properties={java.runtime.name=Java(TM) SE Runtime Environment, sun.boot.library.path=/Library/Java/JavaVirtualMachines/jdk1.8.0_171.jdk/Contents/Home/jre/lib, java.vm.version=25.171-b11, gopherProxySet=false, java.vm.vendor=Oracle Corporation, java.vendor.url=http://java.oracle.com/, path.separator=:, java.vm.name=Java HotSpot(TM) 64-Bit Server VM, file.encoding.pkg=sun.io, user.country=VN, sun.java.launcher=SUN_STANDARD, sun.os.patch.level=unknown, java.vm.specification.name=Java Virtual Machine Specification, user.dir=/Users/anh-mac/Downloads/HackMyTeeth, java.runtime.version=1.8.0_171-b11, basedir=/Users/anh-mac/Downloads/HackMyTeeth, java.awt.graphicsenv=sun.awt.CGraphicsEnvironment, java.endorsed.dirs=/Library/Java/JavaVirtualMachines/jdk1.8.0_171.jdk/Contents/Home/jre/lib/endorsed, os.arch=x86_64, surefire.real.class.path=/Users/anh-mac/Downloads/HackMyTeeth/target/surefire/surefirebooter787840626506662723.jar, java.io.tmpdir=/var/folders/0w/znhvssd90y5b6ffmnhnq47xh0000gn/T/, line.separator=
, java.vm.specification.vendor=Oracle Corporation, os.name=Mac OS X, sun.jnu.encoding=UTF-8, java.library.path=/Users/anh-mac/Library/Java/Extensions:/Library/Java/Extensions:/Network/Library/Java/Extensions:/System/Library/Java/Extensions:/usr/lib/java:., surefire.test.class.path=/Users/anh-mac/Downloads/HackMyTeeth/target/test-classes:/Users/anh-mac/Downloads/HackMyTeeth/target/classes:/Users/anh-mac/.m2/repository/org/springframework/boot/spring-boot-starter-actuator/2.0.3.RELEASE/spring-boot-starter-actuator-2.0.3.RELEASE.jar:/Users/anh-mac/.m2/repository/org/springframework/boot/spring-boot-starter/2.0.3.RELEASE/spring-boot-starter-2.0.3.RELEASE.jar:/Users/anh-mac/.m2/repository/org/springframework/boot/spring-boot-starter-logging/2.0.3.RELEASE/spring-boot-starter-logging-2.0.3.RELEASE.jar:/Users/anh-mac/.m2/repository/ch/qos/logback/logback-classic/1.2.3/logback-classic-1.2.3.jar:/Users/anh-mac/.m2/repository/ch/qos/logback/logback-core/1.2.3/logback-core-1.2.3.jar:/Users/anh-mac/.m2/repository/org/apache/logging/log4j/log4j-to-slf4j/2.10.0/log4j-to-slf4j-2.10.0.jar:/Users/anh-mac/.m2/repository/org/apache/logging/log4j/log4j-api/2.10.0/log4j-api-2.10.0.jar:/Users/anh-mac/.m2/repository/org/slf4j/jul-to-slf4j/1.7.25/jul-to-slf4j-1.7.25.jar:/Users/anh-mac/.m2/repository/javax/annotation/javax.annotation-api/1.3.2/javax.annotation-api-1.3.2.jar:/Users/anh-mac/.m2/repository/org/yaml/snakeyaml/1.19/snakeyaml-1.19.jar:/Users/anh-mac/.m2/repository/org/springframework/boot/spring-boot-actuator-autoconfigure/2.0.3.RELEASE/spring-boot-actuator-autoconfigure-2.0.3.RELEASE.jar:/Users/anh-mac/.m2/repository/org/springframework/boot/spring-boot-actuator/2.0.3.RELEASE/spring-boot-actuator-2.0.3.RELEASE.jar:/Users/anh-mac/.m2/repository/com/fasterxml/jackson/core/jackson-databind/2.9.6/jackson-databind-2.9.6.jar:/Users/anh-mac/.m2/repository/com/fasterxml/jackson/core/jackson-annotations/2.9.0/jackson-annotations-2.9.0.jar:/Users/anh-mac/.m2/repository/com/fasterxml/jackson/core/jackson-core/2.9.6/jackson-core-2.9.6.jar:/Users/anh-mac/.m2/repository/org/springframework/spring-context/5.0.7.RELEASE/spring-context-5.0.7.RELEASE.jar:/Users/anh-mac/.m2/repository/com/fasterxml/jackson/datatype/jackson-datatype-jsr310/2.9.6/jackson-datatype-jsr310-2.9.6.jar:/Users/anh-mac/.m2/repository/io/micrometer/micrometer-core/1.0.5/micrometer-core-1.0.5.jar:/Users/anh-mac/.m2/repository/org/hdrhistogram/HdrHistogram/2.1.10/HdrHistogram-2.1.10.jar:/Users/anh-mac/.m2/repository/org/latencyutils/LatencyUtils/2.0.3/LatencyUtils-2.0.3.jar:/Users/anh-mac/.m2/repository/org/springframework/boot/spring-boot-starter-data-jpa/2.0.3.RELEASE/spring-boot-starter-data-jpa-2.0.3.RELEASE.jar:/Users/anh-mac/.m2/repository/org/springframework/boot/spring-boot-starter-aop/2.0.3.RELEASE/spring-boot-starter-aop-2.0.3.RELEASE.jar:/Users/anh-mac/.m2/repository/org/springframework/spring-aop/5.0.7.RELEASE/spring-aop-5.0.7.RELEASE.jar:/Users/anh-mac/.m2/repository/org/aspectj/aspectjweaver/1.8.13/aspectjweaver-1.8.13.jar:/Users/anh-mac/.m2/repository/org/springframework/boot/spring-boot-starter-jdbc/2.0.3.RELEASE/spring-boot-starter-jdbc-2.0.3.RELEASE.jar:/Users/anh-mac/.m2/repository/com/zaxxer/HikariCP/2.7.9/HikariCP-2.7.9.jar:/Users/anh-mac/.m2/repository/org/springframework/spring-jdbc/5.0.7.RELEASE/spring-jdbc-5.0.7.RELEASE.jar:/Users/anh-mac/.m2/repository/org/hibernate/hibernate-core/5.2.17.Final/hibernate-core-5.2.17.Final.jar:/Users/anh-mac/.m2/repository/org/jboss/logging/jboss-logging/3.3.2.Final/jboss-logging-3.3.2.Final.jar:/Users/anh-mac/.m2/repository/org/hibernate/javax/persistence/hibernate-jpa-2.1-api/1.0.2.Final/hibernate-jpa-2.1-api-1.0.2.Final.jar:/Users/anh-mac/.m2/repository/org/javassist/javassist/3.22.0-GA/javassist-3.22.0-GA.jar:/Users/anh-mac/.m2/repository/antlr/antlr/2.7.7/antlr-2.7.7.jar:/Users/anh-mac/.m2/repository/org/jboss/jandex/2.0.3.Final/jandex-2.0.3.Final.jar:/Users/anh-mac/.m2/repository/com/fasterxml/classmate/1.3.4/classmate-1.3.4.jar:/Users/anh-mac/.m2/repository/dom4j/dom4j/1.6.1/dom4j-1.6.1.jar:/Users/anh-mac/.m2/repository/org/hibernate/common/hibernate-commons-annotations/5.0.1.Final/hibernate-commons-annotations-5.0.1.Final.jar:/Users/anh-mac/.m2/repository/javax/transaction/javax.transaction-api/1.2/javax.transaction-api-1.2.jar:/Users/anh-mac/.m2/repository/org/springframework/data/spring-data-jpa/2.0.8.RELEASE/spring-data-jpa-2.0.8.RELEASE.jar:/Users/anh-mac/.m2/repository/org/springframework/data/spring-data-commons/2.0.8.RELEASE/spring-data-commons-2.0.8.RELEASE.jar:/Users/anh-mac/.m2/repository/org/springframework/spring-orm/5.0.7.RELEASE/spring-orm-5.0.7.RELEASE.jar:/Users/anh-mac/.m2/repository/org/springframework/spring-tx/5.0.7.RELEASE/spring-tx-5.0.7.RELEASE.jar:/Users/anh-mac/.m2/repository/org/springframework/spring-beans/5.0.7.RELEASE/spring-beans-5.0.7.RELEASE.jar:/Users/anh-mac/.m2/repository/org/slf4j/slf4j-api/1.7.25/slf4j-api-1.7.25.jar:/Users/anh-mac/.m2/repository/org/springframework/spring-aspects/5.0.7.RELEASE/spring-aspects-5.0.7.RELEASE.jar:/Users/anh-mac/.m2/repository/org/springframework/boot/spring-boot-starter-web/2.0.3.RELEASE/spring-boot-starter-web-2.0.3.RELEASE.jar:/Users/anh-mac/.m2/repository/org/springframework/boot/spring-boot-starter-json/2.0.3.RELEASE/spring-boot-starter-json-2.0.3.RELEASE.jar:/Users/anh-mac/.m2/repository/com/fasterxml/jackson/datatype/jackson-datatype-jdk8/2.9.6/jackson-datatype-jdk8-2.9.6.jar:/Users/anh-mac/.m2/repository/com/fasterxml/jackson/module/jackson-module-parameter-names/2.9.6/jackson-module-parameter-names-2.9.6.jar:/Users/anh-mac/.m2/repository/org/springframework/boot/spring-boot-starter-tomcat/2.0.3.RELEASE/spring-boot-starter-tomcat-2.0.3.RELEASE.jar:/Users/anh-mac/.m2/repository/org/apache/tomcat/embed/tomcat-embed-core/8.5.31/tomcat-embed-core-8.5.31.jar:/Users/anh-mac/.m2/repository/org/apache/tomcat/embed/tomcat-embed-el/8.5.31/tomcat-embed-el-8.5.31.jar:/Users/anh-mac/.m2/repository/org/apache/tomcat/embed/tomcat-embed-websocket/8.5.31/tomcat-embed-websocket-8.5.31.jar:/Users/anh-mac/.m2/repository/org/hibernate/validator/hibernate-validator/6.0.10.Final/hibernate-validator-6.0.10.Final.jar:/Users/anh-mac/.m2/repository/javax/validation/validation-api/2.0.1.Final/validation-api-2.0.1.Final.jar:/Users/anh-mac/.m2/repository/org/springframework/spring-web/5.0.7.RELEASE/spring-web-5.0.7.RELEASE.jar:/Users/anh-mac/.m2/repository/org/springframework/spring-webmvc/5.0.7.RELEASE/spring-webmvc-5.0.7.RELEASE.jar:/Users/anh-mac/.m2/repository/org/springframework/spring-expression/5.0.7.RELEASE/spring-expression-5.0.7.RELEASE.jar:/Users/anh-mac/.m2/repository/org/springframework/boot/spring-boot-devtools/2.0.3.RELEASE/spring-boot-devtools-2.0.3.RELEASE.jar:/Users/anh-mac/.m2/repository/org/springframework/boot/spring-boot/2.0.3.RELEASE/spring-boot-2.0.3.RELEASE.jar:/Users/anh-mac/.m2/repository/org/springframework/boot/spring-boot-autoconfigure/2.0.3.RELEASE/spring-boot-autoconfigure-2.0.3.RELEASE.jar:/Users/anh-mac/.m2/repository/org/springframework/boot/spring-boot-starter-test/2.0.3.RELEASE/spring-boot-starter-test-2.0.3.RELEASE.jar:/Users/anh-mac/.m2/repository/org/springframework/boot/spring-boot-test/2.0.3.RELEASE/spring-boot-test-2.0.3.RELEASE.jar:/Users/anh-mac/.m2/repository/org/springframework/boot/spring-boot-test-autoconfigure/2.0.3.RELEASE/spring-boot-test-autoconfigure-2.0.3.RELEASE.jar:/Users/anh-mac/.m2/repository/com/jayway/jsonpath/json-path/2.4.0/json-path-2.4.0.jar:/Users/anh-mac/.m2/repository/net/minidev/json-smart/2.3/json-smart-2.3.jar:/Users/anh-mac/.m2/repository/net/minidev/accessors-smart/1.2/accessors-smart-1.2.jar:/Users/anh-mac/.m2/repository/org/ow2/asm/asm/5.0.4/asm-5.0.4.jar:/Users/anh-mac/.m2/repository/junit/junit/4.12/junit-4.12.jar:/Users/anh-mac/.m2/repository/org/assertj/assertj-core/3.9.1/assertj-core-3.9.1.jar:/Users/anh-mac/.m2/repository/org/mockito/mockito-core/2.15.0/mockito-core-2.15.0.jar:/Users/anh-mac/.m2/repository/net/bytebuddy/byte-buddy/1.7.11/byte-buddy-1.7.11.jar:/Users/anh-mac/.m2/repository/net/bytebuddy/byte-buddy-agent/1.7.11/byte-buddy-agent-1.7.11.jar:/Users/anh-mac/.m2/repository/org/objenesis/objenesis/2.6/objenesis-2.6.jar:/Users/anh-mac/.m2/repository/org/hamcrest/hamcrest-core/1.3/hamcrest-core-1.3.jar:/Users/anh-mac/.m2/repository/org/hamcrest/hamcrest-library/1.3/hamcrest-library-1.3.jar:/Users/anh-mac/.m2/repository/org/skyscreamer/jsonassert/1.5.0/jsonassert-1.5.0.jar:/Users/anh-mac/.m2/repository/com/vaadin/external/google/android-json/0.0.20131108.vaadin1/android-json-0.0.20131108.vaadin1.jar:/Users/anh-mac/.m2/repository/org/springframework/spring-core/5.0.7.RELEASE/spring-core-5.0.7.RELEASE.jar:/Users/anh-mac/.m2/repository/org/springframework/spring-jcl/5.0.7.RELEASE/spring-jcl-5.0.7.RELEASE.jar:/Users/anh-mac/.m2/repository/org/springframework/spring-test/5.0.7.RELEASE/spring-test-5.0.7.RELEASE.jar:/Users/anh-mac/.m2/repository/org/xmlunit/xmlunit-core/2.5.1/xmlunit-core-2.5.1.jar:, java.specification.name=Java Platform API Specification, java.class.version=52.0, sun.management.compiler=HotSpot 64-Bit Tiered Compilers, os.version=10.12.6, http.nonProxyHosts=local|*.local|169.254/16|*.169.254/16, user.home=/Users/anh-mac, user.timezone=Asia/Ho_Chi_Minh, java.awt.printerjob=sun.lwawt.macosx.CPrinterJob, file.encoding=UTF-8, java.specification.version=1.8, java.class.path=/Users/anh-mac/Downloads/HackMyTeeth/target/test-classes:/Users/anh-mac/Downloads/HackMyTeeth/target/classes:/Users/anh-mac/.m2/repository/org/springframework/boot/spring-boot-starter-actuator/2.0.3.RELEASE/spring-boot-starter-actuator-2.0.3.RELEASE.jar:/Users/anh-mac/.m2/repository/org/springframework/boot/spring-boot-starter/2.0.3.RELEASE/spring-boot-starter-2.0.3.RELEASE.jar:/Users/anh-mac/.m2/repository/org/springframework/boot/spring-boot-starter-logging/2.0.3.RELEASE/spring-boot-starter-logging-2.0.3.RELEASE.jar:/Users/anh-mac/.m2/repository/ch/qos/logback/logback-classic/1.2.3/logback-classic-1.2.3.jar:/Users/anh-mac/.m2/repository/ch/qos/logback/logback-core/1.2.3/logback-core-1.2.3.jar:/Users/anh-mac/.m2/repository/org/apache/logging/log4j/log4j-to-slf4j/2.10.0/log4j-to-slf4j-2.10.0.jar:/Users/anh-mac/.m2/repository/org/apache/logging/log4j/log4j-api/2.10.0/log4j-api-2.10.0.jar:/Users/anh-mac/.m2/repository/org/slf4j/jul-to-slf4j/1.7.25/jul-to-slf4j-1.7.25.jar:/Users/anh-mac/.m2/repository/javax/annotation/javax.annotation-api/1.3.2/javax.annotation-api-1.3.2.jar:/Users/anh-mac/.m2/repository/org/yaml/snakeyaml/1.19/snakeyaml-1.19.jar:/Users/anh-mac/.m2/repository/org/springframework/boot/spring-boot-actuator-autoconfigure/2.0.3.RELEASE/spring-boot-actuator-autoconfigure-2.0.3.RELEASE.jar:/Users/anh-mac/.m2/repository/org/springframework/boot/spring-boot-actuator/2.0.3.RELEASE/spring-boot-actuator-2.0.3.RELEASE.jar:/Users/anh-mac/.m2/repository/com/fasterxml/jackson/core/jackson-databind/2.9.6/jackson-databind-2.9.6.jar:/Users/anh-mac/.m2/repository/com/fasterxml/jackson/core/jackson-annotations/2.9.0/jackson-annotations-2.9.0.jar:/Users/anh-mac/.m2/repository/com/fasterxml/jackson/core/jackson-core/2.9.6/jackson-core-2.9.6.jar:/Users/anh-mac/.m2/repository/org/springframework/spring-context/5.0.7.RELEASE/spring-context-5.0.7.RELEASE.jar:/Users/anh-mac/.m2/repository/com/fasterxml/jackson/datatype/jackson-datatype-jsr310/2.9.6/jackson-datatype-jsr310-2.9.6.jar:/Users/anh-mac/.m2/repository/io/micrometer/micrometer-core/1.0.5/micrometer-core-1.0.5.jar:/Users/anh-mac/.m2/repository/org/hdrhistogram/HdrHistogram/2.1.10/HdrHistogram-2.1.10.jar:/Users/anh-mac/.m2/repository/org/latencyutils/LatencyUtils/2.0.3/LatencyUtils-2.0.3.jar:/Users/anh-mac/.m2/repository/org/springframework/boot/spring-boot-starter-data-jpa/2.0.3.RELEASE/spring-boot-starter-data-jpa-2.0.3.RELEASE.jar:/Users/anh-mac/.m2/repository/org/springframework/boot/spring-boot-starter-aop/2.0.3.RELEASE/spring-boot-starter-aop-2.0.3.RELEASE.jar:/Users/anh-mac/.m2/repository/org/springframework/spring-aop/5.0.7.RELEASE/spring-aop-5.0.7.RELEASE.jar:/Users/anh-mac/.m2/repository/org/aspectj/aspectjweaver/1.8.13/aspectjweaver-1.8.13.jar:/Users/anh-mac/.m2/repository/org/springframework/boot/spring-boot-starter-jdbc/2.0.3.RELEASE/spring-boot-starter-jdbc-2.0.3.RELEASE.jar:/Users/anh-mac/.m2/repository/com/zaxxer/HikariCP/2.7.9/HikariCP-2.7.9.jar:/Users/anh-mac/.m2/repository/org/springframework/spring-jdbc/5.0.7.RELEASE/spring-jdbc-5.0.7.RELEASE.jar:/Users/anh-mac/.m2/repository/org/hibernate/hibernate-core/5.2.17.Final/hibernate-core-5.2.17.Final.jar:/Users/anh-mac/.m2/repository/org/jboss/logging/jboss-logging/3.3.2.Final/jboss-logging-3.3.2.Final.jar:/Users/anh-mac/.m2/repository/org/hibernate/javax/persistence/hibernate-jpa-2.1-api/1.0.2.Final/hibernate-jpa-2.1-api-1.0.2.Final.jar:/Users/anh-mac/.m2/repository/org/javassist/javassist/3.22.0-GA/javassist-3.22.0-GA.jar:/Users/anh-mac/.m2/repository/antlr/antlr/2.7.7/antlr-2.7.7.jar:/Users/anh-mac/.m2/repository/org/jboss/jandex/2.0.3.Final/jandex-2.0.3.Final.jar:/Users/anh-mac/.m2/repository/com/fasterxml/classmate/1.3.4/classmate-1.3.4.jar:/Users/anh-mac/.m2/repository/dom4j/dom4j/1.6.1/dom4j-1.6.1.jar:/Users/anh-mac/.m2/repository/org/hibernate/common/hibernate-commons-annotations/5.0.1.Final/hibernate-commons-annotations-5.0.1.Final.jar:/Users/anh-mac/.m2/repository/javax/transaction/javax.transaction-api/1.2/javax.transaction-api-1.2.jar:/Users/anh-mac/.m2/repository/org/springframework/data/spring-data-jpa/2.0.8.RELEASE/spring-data-jpa-2.0.8.RELEASE.jar:/Users/anh-mac/.m2/repository/org/springframework/data/spring-data-commons/2.0.8.RELEASE/spring-data-commons-2.0.8.RELEASE.jar:/Users/anh-mac/.m2/repository/org/springframework/spring-orm/5.0.7.RELEASE/spring-orm-5.0.7.RELEASE.jar:/Users/anh-mac/.m2/repository/org/springframework/spring-tx/5.0.7.RELEASE/spring-tx-5.0.7.RELEASE.jar:/Users/anh-mac/.m2/repository/org/springframework/spring-beans/5.0.7.RELEASE/spring-beans-5.0.7.RELEASE.jar:/Users/anh-mac/.m2/repository/org/slf4j/slf4j-api/1.7.25/slf4j-api-1.7.25.jar:/Users/anh-mac/.m2/repository/org/springframework/spring-aspects/5.0.7.RELEASE/spring-aspects-5.0.7.RELEASE.jar:/Users/anh-mac/.m2/repository/org/springframework/boot/spring-boot-starter-web/2.0.3.RELEASE/spring-boot-starter-web-2.0.3.RELEASE.jar:/Users/anh-mac/.m2/repository/org/springframework/boot/spring-boot-starter-json/2.0.3.RELEASE/spring-boot-starter-json-2.0.3.RELEASE.jar:/Users/anh-mac/.m2/repository/com/fasterxml/jackson/datatype/jackson-datatype-jdk8/2.9.6/jackson-datatype-jdk8-2.9.6.jar:/Users/anh-mac/.m2/repository/com/fasterxml/jackson/module/jackson-module-parameter-names/2.9.6/jackson-module-parameter-names-2.9.6.jar:/Users/anh-mac/.m2/repository/org/springframework/boot/spring-boot-starter-tomcat/2.0.3.RELEASE/spring-boot-starter-tomcat-2.0.3.RELEASE.jar:/Users/anh-mac/.m2/repository/org/apache/tomcat/embed/tomcat-embed-core/8.5.31/tomcat-embed-core-8.5.31.jar:/Users/anh-mac/.m2/repository/org/apache/tomcat/embed/tomcat-embed-el/8.5.31/tomcat-embed-el-8.5.31.jar:/Users/anh-mac/.m2/repository/org/apache/tomcat/embed/tomcat-embed-websocket/8.5.31/tomcat-embed-websocket-8.5.31.jar:/Users/anh-mac/.m2/repository/org/hibernate/validator/hibernate-validator/6.0.10.Final/hibernate-validator-6.0.10.Final.jar:/Users/anh-mac/.m2/repository/javax/validation/validation-api/2.0.1.Final/validation-api-2.0.1.Final.jar:/Users/anh-mac/.m2/repository/org/springframework/spring-web/5.0.7.RELEASE/spring-web-5.0.7.RELEASE.jar:/Users/anh-mac/.m2/repository/org/springframework/spring-webmvc/5.0.7.RELEASE/spring-webmvc-5.0.7.RELEASE.jar:/Users/anh-mac/.m2/repository/org/springframework/spring-expression/5.0.7.RELEASE/spring-expression-5.0.7.RELEASE.jar:/Users/anh-mac/.m2/repository/org/springframework/boot/spring-boot-devtools/2.0.3.RELEASE/spring-boot-devtools-2.0.3.RELEASE.jar:/Users/anh-mac/.m2/repository/org/springframework/boot/spring-boot/2.0.3.RELEASE/spring-boot-2.0.3.RELEASE.jar:/Users/anh-mac/.m2/repository/org/springframework/boot/spring-boot-autoconfigure/2.0.3.RELEASE/spring-boot-autoconfigure-2.0.3.RELEASE.jar:/Users/anh-mac/.m2/repository/org/springframework/boot/spring-boot-starter-test/2.0.3.RELEASE/spring-boot-starter-test-2.0.3.RELEASE.jar:/Users/anh-mac/.m2/repository/org/springframework/boot/spring-boot-test/2.0.3.RELEASE/spring-boot-test-2.0.3.RELEASE.jar:/Users/anh-mac/.m2/repository/org/springframework/boot/spring-boot-test-autoconfigure/2.0.3.RELEASE/spring-boot-test-autoconfigure-2.0.3.RELEASE.jar:/Users/anh-mac/.m2/repository/com/jayway/jsonpath/json-path/2.4.0/json-path-2.4.0.jar:/Users/anh-mac/.m2/repository/net/minidev/json-smart/2.3/json-smart-2.3.jar:/Users/anh-mac/.m2/repository/net/minidev/accessors-smart/1.2/accessors-smart-1.2.jar:/Users/anh-mac/.m2/repository/org/ow2/asm/asm/5.0.4/asm-5.0.4.jar:/Users/anh-mac/.m2/repository/junit/junit/4.12/junit-4.12.jar:/Users/anh-mac/.m2/repository/org/assertj/assertj-core/3.9.1/assertj-core-3.9.1.jar:/Users/anh-mac/.m2/repository/org/mockito/mockito-core/2.15.0/mockito-core-2.15.0.jar:/Users/anh-mac/.m2/repository/net/bytebuddy/byte-buddy/1.7.11/byte-buddy-1.7.11.jar:/Users/anh-mac/.m2/repository/net/bytebuddy/byte-buddy-agent/1.7.11/byte-buddy-agent-1.7.11.jar:/Users/anh-mac/.m2/repository/org/objenesis/objenesis/2.6/objenesis-2.6.jar:/Users/anh-mac/.m2/repository/org/hamcrest/hamcrest-core/1.3/hamcrest-core-1.3.jar:/Users/anh-mac/.m2/repository/org/hamcrest/hamcrest-library/1.3/hamcrest-library-1.3.jar:/Users/anh-mac/.m2/repository/org/skyscreamer/jsonassert/1.5.0/jsonassert-1.5.0.jar:/Users/anh-mac/.m2/repository/com/vaadin/external/google/android-json/0.0.20131108.vaadin1/android-json-0.0.20131108.vaadin1.jar:/Users/anh-mac/.m2/repository/org/springframework/spring-core/5.0.7.RELEASE/spring-core-5.0.7.RELEASE.jar:/Users/anh-mac/.m2/repository/org/springframework/spring-jcl/5.0.7.RELEASE/spring-jcl-5.0.7.RELEASE.jar:/Users/anh-mac/.m2/repository/org/springframework/spring-test/5.0.7.RELEASE/spring-test-5.0.7.RELEASE.jar:/Users/anh-mac/.m2/repository/org/xmlunit/xmlunit-core/2.5.1/xmlunit-core-2.5.1.jar:, user.name=anh-mac, java.vm.specification.version=1.8, sun.java.command=/Users/anh-mac/Downloads/HackMyTeeth/target/surefire/surefirebooter787840626506662723.jar /Users/anh-mac/Downloads/HackMyTeeth/target/surefire 2018-07-11T15-37-56_111-jvmRun1 surefire2428054997706404519tmp surefire_06946032063485479452tmp, java.home=/Library/Java/JavaVirtualMachines/jdk1.8.0_171.jdk/Contents/Home/jre, sun.arch.data.model=64, user.language=en, java.specification.vendor=Oracle Corporation, awt.toolkit=sun.lwawt.macosx.LWCToolkit, java.vm.info=mixed mode, java.version=1.8.0_171, java.ext.dirs=/Users/anh-mac/Library/Java/Extensions:/Library/Java/JavaVirtualMachines/jdk1.8.0_171.jdk/Contents/Home/jre/lib/ext:/Library/Java/Extensions:/Network/Library/Java/Extensions:/System/Library/Java/Extensions:/usr/lib/java, sun.boot.class.path=/Library/Java/JavaVirtualMachines/jdk1.8.0_171.jdk/Contents/Home/jre/lib/resources.jar:/Library/Java/JavaVirtualMachines/jdk1.8.0_171.jdk/Contents/Home/jre/lib/rt.jar:/Library/Java/JavaVirtualMachines/jdk1.8.0_171.jdk/Contents/Home/jre/lib/sunrsasign.jar:/Library/Java/JavaVirtualMachines/jdk1.8.0_171.jdk/Contents/Home/jre/lib/jsse.jar:/Library/Java/JavaVirtualMachines/jdk1.8.0_171.jdk/Contents/Home/jre/lib/jce.jar:/Library/Java/JavaVirtualMachines/jdk1.8.0_171.jdk/Contents/Home/jre/lib/charsets.jar:/Library/Java/JavaVirtualMachines/jdk1.8.0_171.jdk/Contents/Home/jre/lib/jfr.jar:/Library/Java/JavaVirtualMachines/jdk1.8.0_171.jdk/Contents/Home/jre/classes, java.vendor=Oracle Corporation, localRepository=/Users/anh-mac/.m2/repository, file.separator=/, java.vendor.url.bug=http://bugreport.sun.com/bugreport/, sun.io.unicode.encoding=UnicodeBig, sun.cpu.endian=little, socksNonProxyHosts=local|*.local|169.254/16|*.169.254/16, ftp.nonProxyHosts=local|*.local|169.254/16|*.169.254/16, sun.cpu.isalist=}}, SystemEnvironmentPropertySource@1169474473 {name='systemEnvironment', properties={PATH=/usr/bin:/bin:/usr/sbin:/sbin, JAVA_STARTED_ON_FIRST_THREAD_27566=1, SHELL=/bin/bash, OLDPWD=/Users/anh-mac/Downloads/HackMyTeeth, USER=anh-mac, TMPDIR=/var/folders/0w/znhvssd90y5b6ffmnhnq47xh0000gn/T/, SSH_AUTH_SOCK=/private/tmp/com.apple.launchd.LI1mGVMm7y/Listeners, XPC_FLAGS=0x0, JAVA_MAIN_CLASS_32019=org.apache.maven.surefire.booter.ForkedBooter, APP_ICON_28209=../Resources/Eclipse.icns, JAVA_MAIN_CLASS_31899=org.codehaus.plexus.classworlds.launcher.Launcher, __CF_USER_TEXT_ENCODING=0x1F5:0x0:0x0, Apple_PubSub_Socket_Render=/private/tmp/com.apple.launchd.W0TL8bKYgb/Render, LOGNAME=anh-mac, JAVA_STARTED_ON_FIRST_THREAD_28209=1, XPC_SERVICE_NAME=0, PWD=/Users/anh-mac/Downloads/HackMyTeeth, HOME=/Users/anh-mac, SHLVL=1, _=/Library/Java/JavaVirtualMachines/jdk1.8.0_171.jdk/Contents/Home/jre/bin/java}}]
15:38:03.127 [main] DEBUG org.springframework.test.context.support.TestPropertySourceUtils - Adding inlined properties to environment: {spring.jmx.enabled=false, org.springframework.boot.test.context.SpringBootTestContextBootstrapper=true, server.port=-1}
15:38:03.127 [main] DEBUG org.springframework.core.env.StandardEnvironment - Adding PropertySource 'Inlined Test Properties' with highest search precedence

  .   ____          _            __ _ _
 /\\ / ___'_ __ _ _(_)_ __  __ _ \ \ \ \
( ( )\___ | '_ | '_| | '_ \/ _` | \ \ \ \
 \\/  ___)| |_)| | | | | || (_| |  ) ) ) )
  '  |____| .__|_| |_|_| |_\__, | / / / /
 =========|_|==============|___/=/_/_/_/
 :: Spring Boot ::        (v2.0.3.RELEASE)

2018-07-11 15:38:18.361  INFO 32019 --- [           main] c.m.H.H.HackMyTeethApplicationTests      : Starting HackMyTeethApplicationTests on Anhs-MacBook-Pro.local with PID 32019 (started by anh-mac in /Users/anh-mac/Downloads/HackMyTeeth)
2018-07-11 15:38:18.362  INFO 32019 --- [           main] c.m.H.H.HackMyTeethApplicationTests      : No active profile set, falling back to default profiles: default
2018-07-11 15:38:18.399  INFO 32019 --- [           main] o.s.w.c.s.GenericWebApplicationContext   : Refreshing org.springframework.web.context.support.GenericWebApplicationContext@4b29d1d2: startup date [Wed Jul 11 15:38:18 ICT 2018]; root of context hierarchy
2018-07-11 15:38:19.846  INFO 32019 --- [           main] trationDelegate$BeanPostProcessorChecker : Bean 'org.springframework.transaction.annotation.ProxyTransactionManagementConfiguration' of type [org.springframework.transaction.annotation.ProxyTransactionManagementConfiguration$$EnhancerBySpringCGLIB$$3d3d0b06] is not eligible for getting processed by all BeanPostProcessors (for example: not eligible for auto-proxying)
2018-07-11 15:38:19.972  WARN 32019 --- [           main] o.s.w.c.s.GenericWebApplicationContext   : Exception encountered during context initialization - cancelling refresh attempt: org.springframework.beans.factory.UnsatisfiedDependencyException: Error creating bean with name 'inMemoryDatabaseShutdownExecutor' defined in class path resource [org/springframework/boot/devtools/autoconfigure/DevToolsDataSourceAutoConfiguration.class]: Unsatisfied dependency expressed through method 'inMemoryDatabaseShutdownExecutor' parameter 0; nested exception is org.springframework.beans.factory.BeanCreationException: Error creating bean with name 'dataSource' defined in class path resource [org/springframework/boot/autoconfigure/jdbc/DataSourceConfiguration$Hikari.class]: Bean instantiation via factory method failed; nested exception is org.springframework.beans.BeanInstantiationException: Failed to instantiate [com.zaxxer.hikari.HikariDataSource]: Factory method 'dataSource' threw exception; nested exception is org.springframework.boot.autoconfigure.jdbc.DataSourceProperties$DataSourceBeanCreationException: Failed to determine a suitable driver class
2018-07-11 15:38:19.990  INFO 32019 --- [           main] ConditionEvaluationReportLoggingListener : 

Error starting ApplicationContext. To display the conditions report re-run your application with 'debug' enabled.
2018-07-11 15:38:19.993 ERROR 32019 --- [           main] o.s.b.d.LoggingFailureAnalysisReporter   : 

***************************
APPLICATION FAILED TO START
***************************

Description:

Failed to configure a DataSource: 'url' attribute is not specified and no embedded datasource could be configured.

Reason: Failed to determine a suitable driver class


Action:

Consider the following:
	If you want an embedded database (H2, HSQL or Derby), please put it on the classpath.
	If you have database settings to be loaded from a particular profile you may need to activate it (no profiles are currently active).

2018-07-11 15:38:20.028 ERROR 32019 --- [           main] o.s.test.context.TestContextManager      : Caught exception while allowing TestExecutionListener [org.springframework.test.context.web.ServletTestExecutionListener@43bc63a3] to prepare test instance [com.mgmsec.HackMyTeeth.HackMyTeeth.HackMyTeethApplicationTests@3162743f]

java.lang.IllegalStateException: Failed to load ApplicationContext
	at org.springframework.test.context.cache.DefaultCacheAwareContextLoaderDelegate.loadContext(DefaultCacheAwareContextLoaderDelegate.java:125) ~[spring-test-5.0.7.RELEASE.jar:5.0.7.RELEASE]
	at org.springframework.test.context.support.DefaultTestContext.getApplicationContext(DefaultTestContext.java:108) ~[spring-test-5.0.7.RELEASE.jar:5.0.7.RELEASE]
	at org.springframework.test.context.web.ServletTestExecutionListener.setUpRequestContextIfNecessary(ServletTestExecutionListener.java:190) ~[spring-test-5.0.7.RELEASE.jar:5.0.7.RELEASE]
	at org.springframework.test.context.web.ServletTestExecutionListener.prepareTestInstance(ServletTestExecutionListener.java:132) ~[spring-test-5.0.7.RELEASE.jar:5.0.7.RELEASE]
	at org.springframework.test.context.TestContextManager.prepareTestInstance(TestContextManager.java:246) ~[spring-test-5.0.7.RELEASE.jar:5.0.7.RELEASE]
	at org.springframework.test.context.junit4.SpringJUnit4ClassRunner.createTest(SpringJUnit4ClassRunner.java:227) [spring-test-5.0.7.RELEASE.jar:5.0.7.RELEASE]
	at org.springframework.test.context.junit4.SpringJUnit4ClassRunner$1.runReflectiveCall(SpringJUnit4ClassRunner.java:289) [spring-test-5.0.7.RELEASE.jar:5.0.7.RELEASE]
	at org.junit.internal.runners.model.ReflectiveCallable.run(ReflectiveCallable.java:12) [junit-4.12.jar:4.12]
	at org.springframework.test.context.junit4.SpringJUnit4ClassRunner.methodBlock(SpringJUnit4ClassRunner.java:291) [spring-test-5.0.7.RELEASE.jar:5.0.7.RELEASE]
	at org.springframework.test.context.junit4.SpringJUnit4ClassRunner.runChild(SpringJUnit4ClassRunner.java:246) [spring-test-5.0.7.RELEASE.jar:5.0.7.RELEASE]
	at org.springframework.test.context.junit4.SpringJUnit4ClassRunner.runChild(SpringJUnit4ClassRunner.java:97) [spring-test-5.0.7.RELEASE.jar:5.0.7.RELEASE]
	at org.junit.runners.ParentRunner$3.run(ParentRunner.java:290) [junit-4.12.jar:4.12]
	at org.junit.runners.ParentRunner$1.schedule(ParentRunner.java:71) [junit-4.12.jar:4.12]
	at org.junit.runners.ParentRunner.runChildren(ParentRunner.java:288) [junit-4.12.jar:4.12]
	at org.junit.runners.ParentRunner.access$000(ParentRunner.java:58) [junit-4.12.jar:4.12]
	at org.junit.runners.ParentRunner$2.evaluate(ParentRunner.java:268) [junit-4.12.jar:4.12]
	at org.springframework.test.context.junit4.statements.RunBeforeTestClassCallbacks.evaluate(RunBeforeTestClassCallbacks.java:61) [spring-test-5.0.7.RELEASE.jar:5.0.7.RELEASE]
	at org.springframework.test.context.junit4.statements.RunAfterTestClassCallbacks.evaluate(RunAfterTestClassCallbacks.java:70) [spring-test-5.0.7.RELEASE.jar:5.0.7.RELEASE]
	at org.junit.runners.ParentRunner.run(ParentRunner.java:363) [junit-4.12.jar:4.12]
	at org.springframework.test.context.junit4.SpringJUnit4ClassRunner.run(SpringJUnit4ClassRunner.java:190) [spring-test-5.0.7.RELEASE.jar:5.0.7.RELEASE]
	at org.apache.maven.surefire.junit4.JUnit4Provider.execute(JUnit4Provider.java:365) [surefire-junit4-2.21.0.jar:2.21.0]
	at org.apache.maven.surefire.junit4.JUnit4Provider.executeWithRerun(JUnit4Provider.java:273) [surefire-junit4-2.21.0.jar:2.21.0]
	at org.apache.maven.surefire.junit4.JUnit4Provider.executeTestSet(JUnit4Provider.java:238) [surefire-junit4-2.21.0.jar:2.21.0]
	at org.apache.maven.surefire.junit4.JUnit4Provider.invoke(JUnit4Provider.java:159) [surefire-junit4-2.21.0.jar:2.21.0]
	at org.apache.maven.surefire.booter.ForkedBooter.invokeProviderInSameClassLoader(ForkedBooter.java:379) [surefire-booter-2.21.0.jar:2.21.0]
	at org.apache.maven.surefire.booter.ForkedBooter.runSuitesInProcess(ForkedBooter.java:340) [surefire-booter-2.21.0.jar:2.21.0]
	at org.apache.maven.surefire.booter.ForkedBooter.execute(ForkedBooter.java:125) [surefire-booter-2.21.0.jar:2.21.0]
	at org.apache.maven.surefire.booter.ForkedBooter.main(ForkedBooter.java:413) [surefire-booter-2.21.0.jar:2.21.0]
Caused by: org.springframework.beans.factory.UnsatisfiedDependencyException: Error creating bean with name 'inMemoryDatabaseShutdownExecutor' defined in class path resource [org/springframework/boot/devtools/autoconfigure/DevToolsDataSourceAutoConfiguration.class]: Unsatisfied dependency expressed through method 'inMemoryDatabaseShutdownExecutor' parameter 0; nested exception is org.springframework.beans.factory.BeanCreationException: Error creating bean with name 'dataSource' defined in class path resource [org/springframework/boot/autoconfigure/jdbc/DataSourceConfiguration$Hikari.class]: Bean instantiation via factory method failed; nested exception is org.springframework.beans.BeanInstantiationException: Failed to instantiate [com.zaxxer.hikari.HikariDataSource]: Factory method 'dataSource' threw exception; nested exception is org.springframework.boot.autoconfigure.jdbc.DataSourceProperties$DataSourceBeanCreationException: Failed to determine a suitable driver class
	at org.springframework.beans.factory.support.ConstructorResolver.createArgumentArray(ConstructorResolver.java:732) ~[spring-beans-5.0.7.RELEASE.jar:5.0.7.RELEASE]
	at org.springframework.beans.factory.support.ConstructorResolver.instantiateUsingFactoryMethod(ConstructorResolver.java:474) ~[spring-beans-5.0.7.RELEASE.jar:5.0.7.RELEASE]
	at org.springframework.beans.factory.support.AbstractAutowireCapableBeanFactory.instantiateUsingFactoryMethod(AbstractAutowireCapableBeanFactory.java:1256) ~[spring-beans-5.0.7.RELEASE.jar:5.0.7.RELEASE]
	at org.springframework.beans.factory.support.AbstractAutowireCapableBeanFactory.createBeanInstance(AbstractAutowireCapableBeanFactory.java:1105) ~[spring-beans-5.0.7.RELEASE.jar:5.0.7.RELEASE]
	at org.springframework.beans.factory.support.AbstractAutowireCapableBeanFactory.doCreateBean(AbstractAutowireCapableBeanFactory.java:543) ~[spring-beans-5.0.7.RELEASE.jar:5.0.7.RELEASE]
	at org.springframework.beans.factory.support.AbstractAutowireCapableBeanFactory.createBean(AbstractAutowireCapableBeanFactory.java:503) ~[spring-beans-5.0.7.RELEASE.jar:5.0.7.RELEASE]
	at org.springframework.beans.factory.support.AbstractBeanFactory.lambda$doGetBean$0(AbstractBeanFactory.java:317) ~[spring-beans-5.0.7.RELEASE.jar:5.0.7.RELEASE]
	at org.springframework.beans.factory.support.DefaultSingletonBeanRegistry.getSingleton(DefaultSingletonBeanRegistry.java:222) ~[spring-beans-5.0.7.RELEASE.jar:5.0.7.RELEASE]
	at org.springframework.beans.factory.support.AbstractBeanFactory.doGetBean(AbstractBeanFactory.java:315) ~[spring-beans-5.0.7.RELEASE.jar:5.0.7.RELEASE]
	at org.springframework.beans.factory.support.AbstractBeanFactory.getBean(AbstractBeanFactory.java:199) ~[spring-beans-5.0.7.RELEASE.jar:5.0.7.RELEASE]
	at org.springframework.beans.factory.support.AbstractBeanFactory.doGetBean(AbstractBeanFactory.java:304) ~[spring-beans-5.0.7.RELEASE.jar:5.0.7.RELEASE]
	at org.springframework.beans.factory.support.AbstractBeanFactory.getBean(AbstractBeanFactory.java:199) ~[spring-beans-5.0.7.RELEASE.jar:5.0.7.RELEASE]
	at org.springframework.context.support.AbstractApplicationContext.getBean(AbstractApplicationContext.java:1089) ~[spring-context-5.0.7.RELEASE.jar:5.0.7.RELEASE]
	at org.springframework.context.support.AbstractApplicationContext.finishBeanFactoryInitialization(AbstractApplicationContext.java:859) ~[spring-context-5.0.7.RELEASE.jar:5.0.7.RELEASE]
	at org.springframework.context.support.AbstractApplicationContext.refresh(AbstractApplicationContext.java:550) ~[spring-context-5.0.7.RELEASE.jar:5.0.7.RELEASE]
	at org.springframework.boot.SpringApplication.refresh(SpringApplication.java:759) ~[spring-boot-2.0.3.RELEASE.jar:2.0.3.RELEASE]
	at org.springframework.boot.SpringApplication.refreshContext(SpringApplication.java:395) ~[spring-boot-2.0.3.RELEASE.jar:2.0.3.RELEASE]
	at org.springframework.boot.SpringApplication.run(SpringApplication.java:327) ~[spring-boot-2.0.3.RELEASE.jar:2.0.3.RELEASE]
	at org.springframework.boot.test.context.SpringBootContextLoader.loadContext(SpringBootContextLoader.java:139) ~[spring-boot-test-2.0.3.RELEASE.jar:2.0.3.RELEASE]
	at org.springframework.test.context.cache.DefaultCacheAwareContextLoaderDelegate.loadContextInternal(DefaultCacheAwareContextLoaderDelegate.java:99) ~[spring-test-5.0.7.RELEASE.jar:5.0.7.RELEASE]
	at org.springframework.test.context.cache.DefaultCacheAwareContextLoaderDelegate.loadContext(DefaultCacheAwareContextLoaderDelegate.java:117) ~[spring-test-5.0.7.RELEASE.jar:5.0.7.RELEASE]
	... 27 common frames omitted
Caused by: org.springframework.beans.factory.BeanCreationException: Error creating bean with name 'dataSource' defined in class path resource [org/springframework/boot/autoconfigure/jdbc/DataSourceConfiguration$Hikari.class]: Bean instantiation via factory method failed; nested exception is org.springframework.beans.BeanInstantiationException: Failed to instantiate [com.zaxxer.hikari.HikariDataSource]: Factory method 'dataSource' threw exception; nested exception is org.springframework.boot.autoconfigure.jdbc.DataSourceProperties$DataSourceBeanCreationException: Failed to determine a suitable driver class
	at org.springframework.beans.factory.support.ConstructorResolver.instantiateUsingFactoryMethod(ConstructorResolver.java:590) ~[spring-beans-5.0.7.RELEASE.jar:5.0.7.RELEASE]
	at org.springframework.beans.factory.support.AbstractAutowireCapableBeanFactory.instantiateUsingFactoryMethod(AbstractAutowireCapableBeanFactory.java:1256) ~[spring-beans-5.0.7.RELEASE.jar:5.0.7.RELEASE]
	at org.springframework.beans.factory.support.AbstractAutowireCapableBeanFactory.createBeanInstance(AbstractAutowireCapableBeanFactory.java:1105) ~[spring-beans-5.0.7.RELEASE.jar:5.0.7.RELEASE]
	at org.springframework.beans.factory.support.AbstractAutowireCapableBeanFactory.doCreateBean(AbstractAutowireCapableBeanFactory.java:543) ~[spring-beans-5.0.7.RELEASE.jar:5.0.7.RELEASE]
	at org.springframework.beans.factory.support.AbstractAutowireCapableBeanFactory.createBean(AbstractAutowireCapableBeanFactory.java:503) ~[spring-beans-5.0.7.RELEASE.jar:5.0.7.RELEASE]
	at org.springframework.beans.factory.support.AbstractBeanFactory.lambda$doGetBean$0(AbstractBeanFactory.java:317) ~[spring-beans-5.0.7.RELEASE.jar:5.0.7.RELEASE]
	at org.springframework.beans.factory.support.DefaultSingletonBeanRegistry.getSingleton(DefaultSingletonBeanRegistry.java:222) ~[spring-beans-5.0.7.RELEASE.jar:5.0.7.RELEASE]
	at org.springframework.beans.factory.support.AbstractBeanFactory.doGetBean(AbstractBeanFactory.java:315) ~[spring-beans-5.0.7.RELEASE.jar:5.0.7.RELEASE]
	at org.springframework.beans.factory.support.AbstractBeanFactory.getBean(AbstractBeanFactory.java:199) ~[spring-beans-5.0.7.RELEASE.jar:5.0.7.RELEASE]
	at org.springframework.beans.factory.config.DependencyDescriptor.resolveCandidate(DependencyDescriptor.java:251) ~[spring-beans-5.0.7.RELEASE.jar:5.0.7.RELEASE]
	at org.springframework.beans.factory.support.DefaultListableBeanFactory.doResolveDependency(DefaultListableBeanFactory.java:1138) ~[spring-beans-5.0.7.RELEASE.jar:5.0.7.RELEASE]
	at org.springframework.beans.factory.support.DefaultListableBeanFactory.resolveDependency(DefaultListableBeanFactory.java:1065) ~[spring-beans-5.0.7.RELEASE.jar:5.0.7.RELEASE]
	at org.springframework.beans.factory.support.ConstructorResolver.resolveAutowiredArgument(ConstructorResolver.java:818) ~[spring-beans-5.0.7.RELEASE.jar:5.0.7.RELEASE]
	at org.springframework.beans.factory.support.ConstructorResolver.createArgumentArray(ConstructorResolver.java:724) ~[spring-beans-5.0.7.RELEASE.jar:5.0.7.RELEASE]
	... 47 common frames omitted
Caused by: org.springframework.beans.BeanInstantiationException: Failed to instantiate [com.zaxxer.hikari.HikariDataSource]: Factory method 'dataSource' threw exception; nested exception is org.springframework.boot.autoconfigure.jdbc.DataSourceProperties$DataSourceBeanCreationException: Failed to determine a suitable driver class
	at org.springframework.beans.factory.support.SimpleInstantiationStrategy.instantiate(SimpleInstantiationStrategy.java:185) ~[spring-beans-5.0.7.RELEASE.jar:5.0.7.RELEASE]
	at org.springframework.beans.factory.support.ConstructorResolver.instantiateUsingFactoryMethod(ConstructorResolver.java:582) ~[spring-beans-5.0.7.RELEASE.jar:5.0.7.RELEASE]
	... 60 common frames omitted
Caused by: org.springframework.boot.autoconfigure.jdbc.DataSourceProperties$DataSourceBeanCreationException: Failed to determine a suitable driver class
	at org.springframework.boot.autoconfigure.jdbc.DataSourceProperties.determineDriverClassName(DataSourceProperties.java:236) ~[spring-boot-autoconfigure-2.0.3.RELEASE.jar:2.0.3.RELEASE]
	at org.springframework.boot.autoconfigure.jdbc.DataSourceProperties.initializeDataSourceBuilder(DataSourceProperties.java:176) ~[spring-boot-autoconfigure-2.0.3.RELEASE.jar:2.0.3.RELEASE]
	at org.springframework.boot.autoconfigure.jdbc.DataSourceConfiguration.createDataSource(DataSourceConfiguration.java:43) ~[spring-boot-autoconfigure-2.0.3.RELEASE.jar:2.0.3.RELEASE]
	at org.springframework.boot.autoconfigure.jdbc.DataSourceConfiguration$Hikari.dataSource(DataSourceConfiguration.java:81) ~[spring-boot-autoconfigure-2.0.3.RELEASE.jar:2.0.3.RELEASE]
	at sun.reflect.NativeMethodAccessorImpl.invoke0(Native Method) ~[na:1.8.0_171]
	at sun.reflect.NativeMethodAccessorImpl.invoke(NativeMethodAccessorImpl.java:62) ~[na:1.8.0_171]
	at sun.reflect.DelegatingMethodAccessorImpl.invoke(DelegatingMethodAccessorImpl.java:43) ~[na:1.8.0_171]
	at java.lang.reflect.Method.invoke(Method.java:498) ~[na:1.8.0_171]
	at org.springframework.beans.factory.support.SimpleInstantiationStrategy.instantiate(SimpleInstantiationStrategy.java:154) ~[spring-beans-5.0.7.RELEASE.jar:5.0.7.RELEASE]
	... 61 common frames omitted

]]></system-out>
  </testcase>
</testsuite>